<?xml version="1.0" encoding="UTF-8"?>
<!-- Generated by org.testng.reporters.JUnitReportReporter -->
<testsuite hostname="BDC8-DX-DR44N62" name="testmeapp.tests.OnlineShoppingTest" tests="2" failures="0" timestamp="29 Aug 2019 10:18:44 GMT" time="1.969" errors="0">
  <testcase name="testorder" time="0.002" classname="testmeapp.tests.OnlineShoppingTest"/>
  <testcase name="testLogin" time="1.967" classname="testmeapp.tests.OnlineShoppingTest"/>
</testsuite> <!-- testmeapp.tests.OnlineShoppingTest -->
